app/build/intermediates/manifest_merge_blame_file/mockDebug/manifest-merger-blame-mock-debug-report.txt
1<?xml version="1.0" encoding="utf-8"?>
2<manifest xmlns:android="http://schemas.android.com/apk/res/android"
3    package="com.gautam.medicinetime.mock"
4    android:versionCode="1"
5    android:versionName="1.0" >
6
7    <uses-sdk
8        android:minSdkVersion="16"
8-->src\main\AndroidManifest.xml
9        android:targetSdkVersion="29" />
9-->src\main\AndroidManifest.xml
10
11    <uses-permission android:name="android.permission.VIBRATE" />
11-->src\main\AndroidManifest.xml:5:5-66
11-->src\main\AndroidManifest.xml:5:22-63
12
13    <application
13-->src\main\AndroidManifest.xml:7:5-31:19
14        android:allowBackup="true"
14-->src\main\AndroidManifest.xml:8:9-35
15        android:appComponentFactory="androidx.core.app.CoreComponentFactory"
15-->[androidx.core:core:1.3.2] AndroidManifest.xml:24:18-86
16        android:debuggable="true"
17        android:icon="@mipmap/ic_launcher"
17-->src\main\AndroidManifest.xml:9:9-43
18        android:label="@string/app_name"
18-->src\main\AndroidManifest.xml:10:9-41
19        android:roundIcon="@mipmap/ic_launcher_round"
19-->src\main\AndroidManifest.xml:11:9-54
20        android:supportsRtl="true"
20-->src\main\AndroidManifest.xml:12:9-35
21        android:testOnly="true"
22        android:theme="@style/AppTheme.NoActionBar" >
22-->src\main\AndroidManifest.xml:13:9-52
23        <activity
23-->src\main\AndroidManifest.xml:14:9-21:20
24            android:name="com.example.healthreminder.splash_screen"
24-->src\main\AndroidManifest.xml:15:13-42
25            android:exported="true" >
25-->src\main\AndroidManifest.xml:16:13-36
26            <intent-filter>
26-->src\main\AndroidManifest.xml:17:13-20:29
27                <action android:name="android.intent.action.MAIN" />
27-->src\main\AndroidManifest.xml:18:17-69
27-->src\main\AndroidManifest.xml:18:25-66
28
29                <category android:name="android.intent.category.LAUNCHER" />
29-->src\main\AndroidManifest.xml:19:17-77
29-->src\main\AndroidManifest.xml:19:27-74
30            </intent-filter>
31        </activity>
32        <activity android:name="com.example.healthreminder.medicine.MedicineActivity" >
32-->src\main\AndroidManifest.xml:22:9-27:20
32-->src\main\AndroidManifest.xml:22:19-60
33            <intent-filter>
33-->src\main\AndroidManifest.xml:17:13-20:29
34                <action android:name="android.intent.action.MAIN" />
34-->src\main\AndroidManifest.xml:18:17-69
34-->src\main\AndroidManifest.xml:18:25-66
35
36                <category android:name="android.intent.category.LAUNCHER" />
36-->src\main\AndroidManifest.xml:19:17-77
36-->src\main\AndroidManifest.xml:19:27-74
37            </intent-filter>
38        </activity> <!-- <activity android:name=".MainActivity" /> -->
39        <activity android:name="com.example.healthreminder.addmedicine.AddMedicineActivity" />
39-->src\main\AndroidManifest.xml:28:9-69
39-->src\main\AndroidManifest.xml:28:19-66
40        <activity android:name="com.example.healthreminder.alarm.ReminderActivity" />
40-->src\main\AndroidManifest.xml:29:9-60
40-->src\main\AndroidManifest.xml:29:19-57
41        <activity android:name="com.example.healthreminder.report.MonthlyReportActivity" />
41-->src\main\AndroidManifest.xml:30:9-66
41-->src\main\AndroidManifest.xml:30:19-63
42    </application>
43
44</manifest>